[ 50%] [32mBuilding CXX object CMakeFiles/move_turtle.dir/src/move_turtle.cpp.o[0m
[100%] [32m[1mLinking CXX executable move_turtle[0m
[100%] Built target move_turtle
-- Install configuration: ""
-- Installing: /home/narendraandhi/project1_ROS/install/project1_rival/lib/project1_rival/move_turtle
-- Set runtime path of "/home/narendraandhi/project1_ROS/install/project1_rival/lib/project1_rival/move_turtle" to ""
-- Up-to-date: /home/narendraandhi/project1_ROS/install/project1_rival/share/ament_index/resource_index/package_run_dependencies/project1_rival
-- Up-to-date: /home/narendraandhi/project1_ROS/install/project1_rival/share/ament_index/resource_index/parent_prefix_path/project1_rival
-- Up-to-date: /home/narendraandhi/project1_ROS/install/project1_rival/share/project1_rival/environment/ament_prefix_path.sh
-- Up-to-date: /home/narendraandhi/project1_ROS/install/project1_rival/share/project1_rival/environment/ament_prefix_path.dsv
-- Up-to-date: /home/narendraandhi/project1_ROS/install/project1_rival/share/project1_rival/environment/path.sh
-- Up-to-date: /home/narendraandhi/project1_ROS/install/project1_rival/share/project1_rival/environment/path.dsv
-- Up-to-date: /home/narendraandhi/project1_ROS/install/project1_rival/share/project1_rival/local_setup.bash
-- Up-to-date: /home/narendraandhi/project1_ROS/install/project1_rival/share/project1_rival/local_setup.sh
-- Up-to-date: /home/narendraandhi/project1_ROS/install/project1_rival/share/project1_rival/local_setup.zsh
-- Up-to-date: /home/narendraandhi/project1_ROS/install/project1_rival/share/project1_rival/local_setup.dsv
-- Installing: /home/narendraandhi/project1_ROS/install/project1_rival/share/project1_rival/package.dsv
-- Up-to-date: /home/narendraandhi/project1_ROS/install/project1_rival/share/ament_index/resource_index/packages/project1_rival
-- Up-to-date: /home/narendraandhi/project1_ROS/install/project1_rival/share/project1_rival/cmake/project1_rivalConfig.cmake
-- Up-to-date: /home/narendraandhi/project1_ROS/install/project1_rival/share/project1_rival/cmake/project1_rivalConfig-version.cmake
-- Up-to-date: /home/narendraandhi/project1_ROS/install/project1_rival/share/project1_rival/package.xml
