[0.007s] Invoking command in '/home/narendraandhi/project1_ROS/build/project1_rival': CMAKE_PREFIX_PATH=/opt/ros/humble /usr/bin/cmake --build /home/narendraandhi/project1_ROS/build/project1_rival -- -j16 -l16
[0.049s] [ 50%] [32mBuilding CXX object CMakeFiles/move_turtle.dir/src/move_turtle.cpp.o[0m
[2.580s] [100%] [32m[1mLinking CXX executable move_turtle[0m
[2.709s] [100%] Built target move_turtle
[2.720s] Invoked command in '/home/narendraandhi/project1_ROS/build/project1_rival' returned '0': CMAKE_PREFIX_PATH=/opt/ros/humble /usr/bin/cmake --build /home/narendraandhi/project1_ROS/build/project1_rival -- -j16 -l16
[2.732s] Invoking command in '/home/narendraandhi/project1_ROS/build/project1_rival': CMAKE_PREFIX_PATH=/opt/ros/humble /usr/bin/cmake --install /home/narendraandhi/project1_ROS/build/project1_rival
[2.743s] -- Install configuration: ""
[2.744s] -- Installing: /home/narendraandhi/project1_ROS/install/project1_rival/lib/project1_rival/move_turtle
[2.745s] -- Set runtime path of "/home/narendraandhi/project1_ROS/install/project1_rival/lib/project1_rival/move_turtle" to ""
[2.745s] -- Up-to-date: /home/narendraandhi/project1_ROS/install/project1_rival/share/ament_index/resource_index/package_run_dependencies/project1_rival
[2.745s] -- Up-to-date: /home/narendraandhi/project1_ROS/install/project1_rival/share/ament_index/resource_index/parent_prefix_path/project1_rival
[2.745s] -- Up-to-date: /home/narendraandhi/project1_ROS/install/project1_rival/share/project1_rival/environment/ament_prefix_path.sh
[2.745s] -- Up-to-date: /home/narendraandhi/project1_ROS/install/project1_rival/share/project1_rival/environment/ament_prefix_path.dsv
[2.745s] -- Up-to-date: /home/narendraandhi/project1_ROS/install/project1_rival/share/project1_rival/environment/path.sh
[2.745s] -- Up-to-date: /home/narendraandhi/project1_ROS/install/project1_rival/share/project1_rival/environment/path.dsv
[2.745s] -- Up-to-date: /home/narendraandhi/project1_ROS/install/project1_rival/share/project1_rival/local_setup.bash
[2.745s] -- Up-to-date: /home/narendraandhi/project1_ROS/install/project1_rival/share/project1_rival/local_setup.sh
[2.745s] -- Up-to-date: /home/narendraandhi/project1_ROS/install/project1_rival/share/project1_rival/local_setup.zsh
[2.745s] -- Up-to-date: /home/narendraandhi/project1_ROS/install/project1_rival/share/project1_rival/local_setup.dsv
[2.745s] -- Installing: /home/narendraandhi/project1_ROS/install/project1_rival/share/project1_rival/package.dsv
[2.745s] -- Up-to-date: /home/narendraandhi/project1_ROS/install/project1_rival/share/ament_index/resource_index/packages/project1_rival
[2.745s] -- Up-to-date: /home/narendraandhi/project1_ROS/install/project1_rival/share/project1_rival/cmake/project1_rivalConfig.cmake
[2.746s] -- Up-to-date: /home/narendraandhi/project1_ROS/install/project1_rival/share/project1_rival/cmake/project1_rivalConfig-version.cmake
[2.746s] -- Up-to-date: /home/narendraandhi/project1_ROS/install/project1_rival/share/project1_rival/package.xml
[2.747s] Invoked command in '/home/narendraandhi/project1_ROS/build/project1_rival' returned '0': CMAKE_PREFIX_PATH=/opt/ros/humble /usr/bin/cmake --install /home/narendraandhi/project1_ROS/build/project1_rival
