[0.007s] Invoking command in '/home/narendraandhi/project1_ROS/build/project1_rival': CMAKE_PREFIX_PATH=${CMAKE_PREFIX_PATH}:/opt/ros/humble /usr/bin/cmake /home/narendraandhi/project1_ROS/src/project1_rival -DCMAKE_INSTALL_PREFIX=/home/narendraandhi/project1_ROS/install/project1_rival
[0.054s] -- The C compiler identification is GNU 11.4.0
[0.099s] -- The CXX compiler identification is GNU 11.4.0
[0.104s] -- Detecting C compiler ABI info
[0.185s] -- Detecting C compiler ABI info - done
[0.196s] -- Check for working C compiler: /usr/bin/cc - skipped
[0.197s] -- Detecting C compile features
[0.198s] -- Detecting C compile features - done
[0.202s] -- Detecting CXX compiler ABI info
[0.293s] -- Detecting CXX compiler ABI info - done
[0.299s] -- Check for working CXX compiler: /usr/bin/c++ - skipped
[0.299s] -- Detecting CXX compile features
[0.299s] -- Detecting CXX compile features - done
[0.301s] -- Found ament_cmake: 1.3.12 (/opt/ros/humble/share/ament_cmake/cmake)
[0.433s] -- Found Python3: /usr/bin/python3 (found version "3.10.12") found components: Interpreter 
[0.487s] -- Found rclcpp: 16.0.15 (/opt/ros/humble/share/rclcpp/cmake)
[0.509s] -- Found rosidl_generator_c: 3.1.7 (/opt/ros/humble/share/rosidl_generator_c/cmake)
[0.512s] -- Found rosidl_adapter: 3.1.7 (/opt/ros/humble/share/rosidl_adapter/cmake)
[0.517s] -- Found rosidl_generator_cpp: 3.1.7 (/opt/ros/humble/share/rosidl_generator_cpp/cmake)
[0.524s] -- Using all available rosidl_typesupport_c: rosidl_typesupport_fastrtps_c;rosidl_typesupport_introspection_c
[0.533s] -- Using all available rosidl_typesupport_cpp: rosidl_typesupport_fastrtps_cpp;rosidl_typesupport_introspection_cpp
[0.558s] -- Found rmw_implementation_cmake: 6.1.2 (/opt/ros/humble/share/rmw_implementation_cmake/cmake)
[0.559s] -- Found rmw_fastrtps_cpp: 6.2.8 (/opt/ros/humble/share/rmw_fastrtps_cpp/cmake)
[0.619s] -- Found OpenSSL: /usr/lib/x86_64-linux-gnu/libcrypto.so (found version "3.0.2")  
[0.638s] -- Found FastRTPS: /opt/ros/humble/include  
[0.665s] -- Using RMW implementation 'rmw_fastrtps_cpp' as default
[0.669s] -- Looking for pthread.h
[0.728s] -- Looking for pthread.h - found
[0.728s] -- Performing Test CMAKE_HAVE_LIBC_PTHREAD
[0.789s] -- Performing Test CMAKE_HAVE_LIBC_PTHREAD - Success
[0.789s] -- Found Threads: TRUE  
[0.825s] -- Found geometry_msgs: 4.9.0 (/opt/ros/humble/share/geometry_msgs/cmake)
[0.834s] -- Found turtlesim: 1.4.2 (/opt/ros/humble/share/turtlesim/cmake)
[0.860s] -- Found ament_lint_auto: 0.12.14 (/opt/ros/humble/share/ament_lint_auto/cmake)
[0.912s] -- Added test 'cppcheck' to perform static code analysis on C / C++ code
[0.912s] -- Configured cppcheck include dirs: 
[0.912s] -- Configured cppcheck exclude dirs and/or files: 
[0.912s] -- Added test 'lint_cmake' to check CMake code style
[0.913s] -- Added test 'uncrustify' to check C / C++ code style
[0.913s] -- Configured uncrustify additional arguments: 
[0.913s] -- Added test 'xmllint' to check XML markup files
[0.914s] -- Configuring done
[0.921s] -- Generating done
[0.923s] -- Build files have been written to: /home/narendraandhi/project1_ROS/build/project1_rival
[0.932s] Invoked command in '/home/narendraandhi/project1_ROS/build/project1_rival' returned '0': CMAKE_PREFIX_PATH=${CMAKE_PREFIX_PATH}:/opt/ros/humble /usr/bin/cmake /home/narendraandhi/project1_ROS/src/project1_rival -DCMAKE_INSTALL_PREFIX=/home/narendraandhi/project1_ROS/install/project1_rival
[0.933s] Invoking command in '/home/narendraandhi/project1_ROS/build/project1_rival': CMAKE_PREFIX_PATH=${CMAKE_PREFIX_PATH}:/opt/ros/humble /usr/bin/cmake --build /home/narendraandhi/project1_ROS/build/project1_rival -- -j16 -l16
[0.977s] [ 50%] [32mBuilding CXX object CMakeFiles/move_turtle.dir/src/move_turtle.cpp.o[0m
[3.474s] [100%] [32m[1mLinking CXX executable move_turtle[0m
[3.616s] [100%] Built target move_turtle
[3.625s] Invoked command in '/home/narendraandhi/project1_ROS/build/project1_rival' returned '0': CMAKE_PREFIX_PATH=${CMAKE_PREFIX_PATH}:/opt/ros/humble /usr/bin/cmake --build /home/narendraandhi/project1_ROS/build/project1_rival -- -j16 -l16
[3.634s] Invoking command in '/home/narendraandhi/project1_ROS/build/project1_rival': CMAKE_PREFIX_PATH=${CMAKE_PREFIX_PATH}:/opt/ros/humble /usr/bin/cmake --install /home/narendraandhi/project1_ROS/build/project1_rival
[3.640s] -- Install configuration: ""
[3.641s] -- Installing: /home/narendraandhi/project1_ROS/install/project1_rival/lib/project1_rival/move_turtle
[3.641s] -- Set runtime path of "/home/narendraandhi/project1_ROS/install/project1_rival/lib/project1_rival/move_turtle" to ""
[3.641s] -- Installing: /home/narendraandhi/project1_ROS/install/project1_rival/share/ament_index/resource_index/package_run_dependencies/project1_rival
[3.641s] -- Installing: /home/narendraandhi/project1_ROS/install/project1_rival/share/ament_index/resource_index/parent_prefix_path/project1_rival
[3.641s] -- Installing: /home/narendraandhi/project1_ROS/install/project1_rival/share/project1_rival/environment/ament_prefix_path.sh
[3.642s] -- Installing: /home/narendraandhi/project1_ROS/install/project1_rival/share/project1_rival/environment/ament_prefix_path.dsv
[3.642s] -- Installing: /home/narendraandhi/project1_ROS/install/project1_rival/share/project1_rival/environment/path.sh
[3.642s] -- Installing: /home/narendraandhi/project1_ROS/install/project1_rival/share/project1_rival/environment/path.dsv
[3.642s] -- Installing: /home/narendraandhi/project1_ROS/install/project1_rival/share/project1_rival/local_setup.bash
[3.642s] -- Installing: /home/narendraandhi/project1_ROS/install/project1_rival/share/project1_rival/local_setup.sh
[3.642s] -- Installing: /home/narendraandhi/project1_ROS/install/project1_rival/share/project1_rival/local_setup.zsh
[3.642s] -- Installing: /home/narendraandhi/project1_ROS/install/project1_rival/share/project1_rival/local_setup.dsv
[3.642s] -- Installing: /home/narendraandhi/project1_ROS/install/project1_rival/share/project1_rival/package.dsv
[3.642s] -- Installing: /home/narendraandhi/project1_ROS/install/project1_rival/share/ament_index/resource_index/packages/project1_rival
[3.642s] -- Installing: /home/narendraandhi/project1_ROS/install/project1_rival/share/project1_rival/cmake/project1_rivalConfig.cmake
[3.642s] -- Installing: /home/narendraandhi/project1_ROS/install/project1_rival/share/project1_rival/cmake/project1_rivalConfig-version.cmake
[3.642s] -- Installing: /home/narendraandhi/project1_ROS/install/project1_rival/share/project1_rival/package.xml
[3.644s] Invoked command in '/home/narendraandhi/project1_ROS/build/project1_rival' returned '0': CMAKE_PREFIX_PATH=${CMAKE_PREFIX_PATH}:/opt/ros/humble /usr/bin/cmake --install /home/narendraandhi/project1_ROS/build/project1_rival
