[0.008s] Invoking command in '/home/narendraandhi/project1_ROS/build/project1_rival': CMAKE_PREFIX_PATH=${CMAKE_PREFIX_PATH}:/opt/ros/humble /usr/bin/cmake --build /home/narendraandhi/project1_ROS/build/project1_rival -- -j16 -l16
[0.041s] [35m[1mConsolidate compiler generated dependencies of target move_turtle[0m
[0.055s] [100%] Built target move_turtle
[0.066s] Invoked command in '/home/narendraandhi/project1_ROS/build/project1_rival' returned '0': CMAKE_PREFIX_PATH=${CMAKE_PREFIX_PATH}:/opt/ros/humble /usr/bin/cmake --build /home/narendraandhi/project1_ROS/build/project1_rival -- -j16 -l16
[0.074s] Invoking command in '/home/narendraandhi/project1_ROS/build/project1_rival': CMAKE_PREFIX_PATH=${CMAKE_PREFIX_PATH}:/opt/ros/humble /usr/bin/cmake --install /home/narendraandhi/project1_ROS/build/project1_rival
[0.081s] -- Install configuration: ""
[0.081s] -- Up-to-date: /home/narendraandhi/project1_ROS/install/project1_rival/lib/project1_rival/move_turtle
[0.081s] -- Up-to-date: /home/narendraandhi/project1_ROS/install/project1_rival/share/ament_index/resource_index/package_run_dependencies/project1_rival
[0.081s] -- Up-to-date: /home/narendraandhi/project1_ROS/install/project1_rival/share/ament_index/resource_index/parent_prefix_path/project1_rival
[0.082s] -- Up-to-date: /home/narendraandhi/project1_ROS/install/project1_rival/share/project1_rival/environment/ament_prefix_path.sh
[0.082s] -- Up-to-date: /home/narendraandhi/project1_ROS/install/project1_rival/share/project1_rival/environment/ament_prefix_path.dsv
[0.082s] -- Up-to-date: /home/narendraandhi/project1_ROS/install/project1_rival/share/project1_rival/environment/path.sh
[0.082s] -- Up-to-date: /home/narendraandhi/project1_ROS/install/project1_rival/share/project1_rival/environment/path.dsv
[0.082s] -- Up-to-date: /home/narendraandhi/project1_ROS/install/project1_rival/share/project1_rival/local_setup.bash
[0.082s] -- Up-to-date: /home/narendraandhi/project1_ROS/install/project1_rival/share/project1_rival/local_setup.sh
[0.082s] -- Up-to-date: /home/narendraandhi/project1_ROS/install/project1_rival/share/project1_rival/local_setup.zsh
[0.082s] -- Up-to-date: /home/narendraandhi/project1_ROS/install/project1_rival/share/project1_rival/local_setup.dsv
[0.082s] -- Installing: /home/narendraandhi/project1_ROS/install/project1_rival/share/project1_rival/package.dsv
[0.082s] -- Up-to-date: /home/narendraandhi/project1_ROS/install/project1_rival/share/ament_index/resource_index/packages/project1_rival
[0.082s] -- Up-to-date: /home/narendraandhi/project1_ROS/install/project1_rival/share/project1_rival/cmake/project1_rivalConfig.cmake
[0.082s] -- Up-to-date: /home/narendraandhi/project1_ROS/install/project1_rival/share/project1_rival/cmake/project1_rivalConfig-version.cmake
[0.082s] -- Up-to-date: /home/narendraandhi/project1_ROS/install/project1_rival/share/project1_rival/package.xml
[0.083s] Invoked command in '/home/narendraandhi/project1_ROS/build/project1_rival' returned '0': CMAKE_PREFIX_PATH=${CMAKE_PREFIX_PATH}:/opt/ros/humble /usr/bin/cmake --install /home/narendraandhi/project1_ROS/build/project1_rival
