[0.074s] DEBUG:colcon:Command line arguments: ['/usr/bin/colcon', 'build']
[0.074s] DEBUG:colcon:Parsed command line arguments: Namespace(log_base=None, log_level=None, verb_name='build', build_base='build', install_base='install', merge_install=False, symlink_install=False, test_result_base=None, continue_on_error=False, executor='parallel', parallel_workers=16, event_handlers=None, ignore_user_meta=False, metas=['./colcon.meta'], base_paths=['.'], packages_ignore=None, packages_ignore_regex=None, paths=None, packages_up_to=None, packages_up_to_regex=None, packages_above=None, packages_above_and_dependencies=None, packages_above_depth=None, packages_select_by_dep=None, packages_skip_by_dep=None, packages_skip_up_to=None, packages_select_build_failed=False, packages_skip_build_finished=False, packages_select_test_failures=False, packages_skip_test_passed=False, packages_select=None, packages_skip=None, packages_select_regex=None, packages_skip_regex=None, packages_start=None, packages_end=None, allow_overriding=[], cmake_args=None, cmake_target=None, cmake_target_skip_unavailable=False, cmake_clean_cache=False, cmake_clean_first=False, cmake_force_configure=False, ament_cmake_args=None, catkin_cmake_args=None, catkin_skip_building_tests=False, verb_parser=<colcon_defaults.argument_parser.defaults.DefaultArgumentsDecorator object at 0x7b339f226fb0>, verb_extension=<colcon_core.verb.build.BuildVerb object at 0x7b339f370460>, main=<bound method BuildVerb.main of <colcon_core.verb.build.BuildVerb object at 0x7b339f370460>>)
[0.180s] Level 1:colcon.colcon_core.package_discovery:discover_packages(colcon_meta) check parameters
[0.180s] Level 1:colcon.colcon_core.package_discovery:discover_packages(recursive) check parameters
[0.180s] Level 1:colcon.colcon_core.package_discovery:discover_packages(ignore) check parameters
[0.180s] Level 1:colcon.colcon_core.package_discovery:discover_packages(path) check parameters
[0.180s] Level 1:colcon.colcon_core.package_discovery:discover_packages(colcon_meta) discover
[0.180s] Level 1:colcon.colcon_core.package_discovery:discover_packages(recursive) discover
[0.180s] INFO:colcon.colcon_core.package_discovery:Crawling recursively for packages in '/home/narendraandhi/project1_ROS'
[0.181s] Level 1:colcon.colcon_core.package_identification:_identify(.) by extensions ['ignore', 'ignore_ament_install']
[0.181s] Level 1:colcon.colcon_core.package_identification:_identify(.) by extension 'ignore'
[0.181s] Level 1:colcon.colcon_core.package_identification:_identify(.) by extension 'ignore_ament_install'
[0.181s] Level 1:colcon.colcon_core.package_identification:_identify(.) by extensions ['colcon_pkg']
[0.181s] Level 1:colcon.colcon_core.package_identification:_identify(.) by extension 'colcon_pkg'
[0.181s] Level 1:colcon.colcon_core.package_identification:_identify(.) by extensions ['colcon_meta']
[0.181s] Level 1:colcon.colcon_core.package_identification:_identify(.) by extension 'colcon_meta'
[0.181s] Level 1:colcon.colcon_core.package_identification:_identify(.) by extensions ['ros']
[0.181s] Level 1:colcon.colcon_core.package_identification:_identify(.) by extension 'ros'
[0.190s] Level 1:colcon.colcon_core.package_identification:_identify(.) by extensions ['cmake', 'python']
[0.190s] Level 1:colcon.colcon_core.package_identification:_identify(.) by extension 'cmake'
[0.190s] Level 1:colcon.colcon_core.package_identification:_identify(.) by extension 'python'
[0.190s] Level 1:colcon.colcon_core.package_identification:_identify(.) by extensions ['python_setup_py']
[0.190s] Level 1:colcon.colcon_core.package_identification:_identify(.) by extension 'python_setup_py'
[0.190s] Level 1:colcon.colcon_core.package_identification:_identify(build) by extensions ['ignore', 'ignore_ament_install']
[0.190s] Level 1:colcon.colcon_core.package_identification:_identify(build) by extension 'ignore'
[0.190s] Level 1:colcon.colcon_core.package_identification:_identify(build) ignored
[0.190s] Level 1:colcon.colcon_core.package_identification:_identify(install) by extensions ['ignore', 'ignore_ament_install']
[0.190s] Level 1:colcon.colcon_core.package_identification:_identify(install) by extension 'ignore'
[0.190s] Level 1:colcon.colcon_core.package_identification:_identify(install) ignored
[0.190s] Level 1:colcon.colcon_core.package_identification:_identify(log) by extensions ['ignore', 'ignore_ament_install']
[0.191s] Level 1:colcon.colcon_core.package_identification:_identify(log) by extension 'ignore'
[0.191s] Level 1:colcon.colcon_core.package_identification:_identify(log) ignored
[0.191s] Level 1:colcon.colcon_core.package_identification:_identify(src) by extensions ['ignore', 'ignore_ament_install']
[0.191s] Level 1:colcon.colcon_core.package_identification:_identify(src) by extension 'ignore'
[0.191s] Level 1:colcon.colcon_core.package_identification:_identify(src) by extension 'ignore_ament_install'
[0.191s] Level 1:colcon.colcon_core.package_identification:_identify(src) by extensions ['colcon_pkg']
[0.191s] Level 1:colcon.colcon_core.package_identification:_identify(src) by extension 'colcon_pkg'
[0.191s] Level 1:colcon.colcon_core.package_identification:_identify(src) by extensions ['colcon_meta']
[0.191s] Level 1:colcon.colcon_core.package_identification:_identify(src) by extension 'colcon_meta'
[0.191s] Level 1:colcon.colcon_core.package_identification:_identify(src) by extensions ['ros']
[0.191s] Level 1:colcon.colcon_core.package_identification:_identify(src) by extension 'ros'
[0.191s] Level 1:colcon.colcon_core.package_identification:_identify(src) by extensions ['cmake', 'python']
[0.191s] Level 1:colcon.colcon_core.package_identification:_identify(src) by extension 'cmake'
[0.191s] Level 1:colcon.colcon_core.package_identification:_identify(src) by extension 'python'
[0.191s] Level 1:colcon.colcon_core.package_identification:_identify(src) by extensions ['python_setup_py']
[0.191s] Level 1:colcon.colcon_core.package_identification:_identify(src) by extension 'python_setup_py'
[0.191s] Level 1:colcon.colcon_core.package_identification:_identify(src/project1_rival) by extensions ['ignore', 'ignore_ament_install']
[0.191s] Level 1:colcon.colcon_core.package_identification:_identify(src/project1_rival) by extension 'ignore'
[0.191s] Level 1:colcon.colcon_core.package_identification:_identify(src/project1_rival) by extension 'ignore_ament_install'
[0.191s] Level 1:colcon.colcon_core.package_identification:_identify(src/project1_rival) by extensions ['colcon_pkg']
[0.191s] Level 1:colcon.colcon_core.package_identification:_identify(src/project1_rival) by extension 'colcon_pkg'
[0.191s] Level 1:colcon.colcon_core.package_identification:_identify(src/project1_rival) by extensions ['colcon_meta']
[0.191s] Level 1:colcon.colcon_core.package_identification:_identify(src/project1_rival) by extension 'colcon_meta'
[0.191s] Level 1:colcon.colcon_core.package_identification:_identify(src/project1_rival) by extensions ['ros']
[0.191s] Level 1:colcon.colcon_core.package_identification:_identify(src/project1_rival) by extension 'ros'
[0.193s] DEBUG:colcon.colcon_core.package_identification:Package 'src/project1_rival' with type 'ros.ament_cmake' and name 'project1_rival'
[0.193s] Level 1:colcon.colcon_core.package_discovery:discover_packages(recursive) using defaults
[0.193s] Level 1:colcon.colcon_core.package_discovery:discover_packages(ignore) discover
[0.193s] Level 1:colcon.colcon_core.package_discovery:discover_packages(ignore) using defaults
[0.193s] Level 1:colcon.colcon_core.package_discovery:discover_packages(path) discover
[0.193s] Level 1:colcon.colcon_core.package_discovery:discover_packages(path) using defaults
[0.209s] Level 1:colcon.colcon_core.package_discovery:discover_packages(prefix_path) check parameters
[0.209s] Level 1:colcon.colcon_core.package_discovery:discover_packages(prefix_path) discover
[0.210s] DEBUG:colcon.colcon_installed_package_information.package_discovery:Found 271 installed packages in /opt/ros/humble
[0.211s] Level 1:colcon.colcon_core.package_discovery:discover_packages(prefix_path) using defaults
[0.244s] Level 5:colcon.colcon_core.verb:set package 'project1_rival' build argument 'cmake_args' from command line to 'None'
[0.244s] Level 5:colcon.colcon_core.verb:set package 'project1_rival' build argument 'cmake_target' from command line to 'None'
[0.244s] Level 5:colcon.colcon_core.verb:set package 'project1_rival' build argument 'cmake_target_skip_unavailable' from command line to 'False'
[0.245s] Level 5:colcon.colcon_core.verb:set package 'project1_rival' build argument 'cmake_clean_cache' from command line to 'False'
[0.245s] Level 5:colcon.colcon_core.verb:set package 'project1_rival' build argument 'cmake_clean_first' from command line to 'False'
[0.245s] Level 5:colcon.colcon_core.verb:set package 'project1_rival' build argument 'cmake_force_configure' from command line to 'False'
[0.245s] Level 5:colcon.colcon_core.verb:set package 'project1_rival' build argument 'ament_cmake_args' from command line to 'None'
[0.245s] Level 5:colcon.colcon_core.verb:set package 'project1_rival' build argument 'catkin_cmake_args' from command line to 'None'
[0.245s] Level 5:colcon.colcon_core.verb:set package 'project1_rival' build argument 'catkin_skip_building_tests' from command line to 'False'
[0.245s] DEBUG:colcon.colcon_core.verb:Building package 'project1_rival' with the following arguments: {'ament_cmake_args': None, 'build_base': '/home/narendraandhi/project1_ROS/build/project1_rival', 'catkin_cmake_args': None, 'catkin_skip_building_tests': False, 'cmake_args': None, 'cmake_clean_cache': False, 'cmake_clean_first': False, 'cmake_force_configure': False, 'cmake_target': None, 'cmake_target_skip_unavailable': False, 'install_base': '/home/narendraandhi/project1_ROS/install/project1_rival', 'merge_install': False, 'path': '/home/narendraandhi/project1_ROS/src/project1_rival', 'symlink_install': False, 'test_result_base': None}
[0.245s] INFO:colcon.colcon_core.executor:Executing jobs using 'parallel' executor
[0.246s] DEBUG:colcon.colcon_parallel_executor.executor.parallel:run_until_complete
[0.246s] INFO:colcon.colcon_ros.task.ament_cmake.build:Building ROS package in '/home/narendraandhi/project1_ROS/src/project1_rival' with build type 'ament_cmake'
[0.246s] INFO:colcon.colcon_cmake.task.cmake.build:Building CMake package in '/home/narendraandhi/project1_ROS/src/project1_rival'
[0.247s] INFO:colcon.colcon_core.plugin_system:Skipping extension 'colcon_core.shell.bat': Not used on non-Windows systems
[0.248s] INFO:colcon.colcon_core.shell:Skip shell extension 'powershell' for command environment: Not usable outside of PowerShell
[0.248s] DEBUG:colcon.colcon_core.shell:Skip shell extension 'dsv' for command environment
[0.254s] DEBUG:colcon.colcon_core.event_handler.log_command:Invoking command in '/home/narendraandhi/project1_ROS/build/project1_rival': CMAKE_PREFIX_PATH=/opt/ros/humble /usr/bin/cmake --build /home/narendraandhi/project1_ROS/build/project1_rival -- -j16 -l16
[3.119s] DEBUG:colcon.colcon_core.event_handler.log_command:Invoked command in '/home/narendraandhi/project1_ROS/build/project1_rival' returned '0': CMAKE_PREFIX_PATH=/opt/ros/humble /usr/bin/cmake --build /home/narendraandhi/project1_ROS/build/project1_rival -- -j16 -l16
[3.126s] DEBUG:colcon.colcon_core.event_handler.log_command:Invoking command in '/home/narendraandhi/project1_ROS/build/project1_rival': CMAKE_PREFIX_PATH=/opt/ros/humble /usr/bin/cmake --install /home/narendraandhi/project1_ROS/build/project1_rival
[3.134s] Level 1:colcon.colcon_core.environment:create_environment_scripts_only(project1_rival)
[3.134s] DEBUG:colcon.colcon_core.event_handler.log_command:Invoked command in '/home/narendraandhi/project1_ROS/build/project1_rival' returned '0': CMAKE_PREFIX_PATH=/opt/ros/humble /usr/bin/cmake --install /home/narendraandhi/project1_ROS/build/project1_rival
[3.135s] Level 1:colcon.colcon_core.environment:checking '/home/narendraandhi/project1_ROS/install/project1_rival' for CMake module files
[3.136s] Level 1:colcon.colcon_core.environment:checking '/home/narendraandhi/project1_ROS/install/project1_rival' for CMake config files
[3.136s] Level 1:colcon.colcon_core.shell:create_environment_hook('project1_rival', 'cmake_prefix_path')
[3.136s] INFO:colcon.colcon_core.shell:Creating environment hook '/home/narendraandhi/project1_ROS/install/project1_rival/share/project1_rival/hook/cmake_prefix_path.ps1'
[3.137s] INFO:colcon.colcon_core.shell:Creating environment descriptor '/home/narendraandhi/project1_ROS/install/project1_rival/share/project1_rival/hook/cmake_prefix_path.dsv'
[3.137s] INFO:colcon.colcon_core.shell:Creating environment hook '/home/narendraandhi/project1_ROS/install/project1_rival/share/project1_rival/hook/cmake_prefix_path.sh'
[3.138s] Level 1:colcon.colcon_core.environment:checking '/home/narendraandhi/project1_ROS/install/project1_rival/lib'
[3.138s] Level 1:colcon.colcon_core.environment:checking '/home/narendraandhi/project1_ROS/install/project1_rival/bin'
[3.138s] Level 1:colcon.colcon_core.environment:checking '/home/narendraandhi/project1_ROS/install/project1_rival/lib/pkgconfig/project1_rival.pc'
[3.138s] Level 1:colcon.colcon_core.environment:checking '/home/narendraandhi/project1_ROS/install/project1_rival/lib/python3.10/site-packages'
[3.138s] Level 1:colcon.colcon_core.environment:checking '/home/narendraandhi/project1_ROS/install/project1_rival/bin'
[3.138s] INFO:colcon.colcon_core.shell:Creating package script '/home/narendraandhi/project1_ROS/install/project1_rival/share/project1_rival/package.ps1'
[3.139s] INFO:colcon.colcon_core.shell:Creating package descriptor '/home/narendraandhi/project1_ROS/install/project1_rival/share/project1_rival/package.dsv'
[3.139s] INFO:colcon.colcon_core.shell:Creating package script '/home/narendraandhi/project1_ROS/install/project1_rival/share/project1_rival/package.sh'
[3.140s] INFO:colcon.colcon_core.shell:Creating package script '/home/narendraandhi/project1_ROS/install/project1_rival/share/project1_rival/package.bash'
[3.140s] INFO:colcon.colcon_core.shell:Creating package script '/home/narendraandhi/project1_ROS/install/project1_rival/share/project1_rival/package.zsh'
[3.141s] Level 1:colcon.colcon_core.environment:create_file_with_runtime_dependencies(/home/narendraandhi/project1_ROS/install/project1_rival/share/colcon-core/packages/project1_rival)
[3.141s] Level 1:colcon.colcon_core.environment:create_environment_scripts_only(project1_rival)
[3.141s] Level 1:colcon.colcon_core.environment:checking '/home/narendraandhi/project1_ROS/install/project1_rival' for CMake module files
[3.141s] Level 1:colcon.colcon_core.environment:checking '/home/narendraandhi/project1_ROS/install/project1_rival' for CMake config files
[3.142s] Level 1:colcon.colcon_core.shell:create_environment_hook('project1_rival', 'cmake_prefix_path')
[3.142s] INFO:colcon.colcon_core.shell:Creating environment hook '/home/narendraandhi/project1_ROS/install/project1_rival/share/project1_rival/hook/cmake_prefix_path.ps1'
[3.142s] INFO:colcon.colcon_core.shell:Creating environment descriptor '/home/narendraandhi/project1_ROS/install/project1_rival/share/project1_rival/hook/cmake_prefix_path.dsv'
[3.142s] INFO:colcon.colcon_core.shell:Creating environment hook '/home/narendraandhi/project1_ROS/install/project1_rival/share/project1_rival/hook/cmake_prefix_path.sh'
[3.142s] Level 1:colcon.colcon_core.environment:checking '/home/narendraandhi/project1_ROS/install/project1_rival/lib'
[3.142s] Level 1:colcon.colcon_core.environment:checking '/home/narendraandhi/project1_ROS/install/project1_rival/bin'
[3.142s] Level 1:colcon.colcon_core.environment:checking '/home/narendraandhi/project1_ROS/install/project1_rival/lib/pkgconfig/project1_rival.pc'
[3.143s] Level 1:colcon.colcon_core.environment:checking '/home/narendraandhi/project1_ROS/install/project1_rival/lib/python3.10/site-packages'
[3.143s] Level 1:colcon.colcon_core.environment:checking '/home/narendraandhi/project1_ROS/install/project1_rival/bin'
[3.143s] INFO:colcon.colcon_core.shell:Creating package script '/home/narendraandhi/project1_ROS/install/project1_rival/share/project1_rival/package.ps1'
[3.143s] INFO:colcon.colcon_core.shell:Creating package descriptor '/home/narendraandhi/project1_ROS/install/project1_rival/share/project1_rival/package.dsv'
[3.144s] INFO:colcon.colcon_core.shell:Creating package script '/home/narendraandhi/project1_ROS/install/project1_rival/share/project1_rival/package.sh'
[3.144s] INFO:colcon.colcon_core.shell:Creating package script '/home/narendraandhi/project1_ROS/install/project1_rival/share/project1_rival/package.bash'
[3.144s] INFO:colcon.colcon_core.shell:Creating package script '/home/narendraandhi/project1_ROS/install/project1_rival/share/project1_rival/package.zsh'
[3.144s] Level 1:colcon.colcon_core.environment:create_file_with_runtime_dependencies(/home/narendraandhi/project1_ROS/install/project1_rival/share/colcon-core/packages/project1_rival)
[3.144s] DEBUG:colcon.colcon_parallel_executor.executor.parallel:closing loop
[3.145s] DEBUG:colcon.colcon_parallel_executor.executor.parallel:loop closed
[3.145s] DEBUG:colcon.colcon_parallel_executor.executor.parallel:run_until_complete finished with '0'
[3.145s] DEBUG:colcon.colcon_core.event_reactor:joining thread
[3.148s] INFO:colcon.colcon_core.plugin_system:Skipping extension 'colcon_notification.desktop_notification.terminal_notifier': Not used on non-Darwin systems
[3.148s] INFO:colcon.colcon_core.plugin_system:Skipping extension 'colcon_notification.desktop_notification.win32': Not used on non-Windows systems
[3.148s] INFO:colcon.colcon_notification.desktop_notification:Sending desktop notification using 'notify2'
[3.155s] DEBUG:colcon.colcon_core.event_reactor:joined thread
[3.155s] INFO:colcon.colcon_core.shell:Creating prefix script '/home/narendraandhi/project1_ROS/install/local_setup.ps1'
[3.156s] INFO:colcon.colcon_core.shell:Creating prefix util module '/home/narendraandhi/project1_ROS/install/_local_setup_util_ps1.py'
[3.157s] INFO:colcon.colcon_core.shell:Creating prefix chain script '/home/narendraandhi/project1_ROS/install/setup.ps1'
[3.157s] INFO:colcon.colcon_core.shell:Creating prefix script '/home/narendraandhi/project1_ROS/install/local_setup.sh'
[3.158s] INFO:colcon.colcon_core.shell:Creating prefix util module '/home/narendraandhi/project1_ROS/install/_local_setup_util_sh.py'
[3.158s] INFO:colcon.colcon_core.shell:Creating prefix chain script '/home/narendraandhi/project1_ROS/install/setup.sh'
[3.159s] INFO:colcon.colcon_core.shell:Creating prefix script '/home/narendraandhi/project1_ROS/install/local_setup.bash'
[3.159s] INFO:colcon.colcon_core.shell:Creating prefix chain script '/home/narendraandhi/project1_ROS/install/setup.bash'
[3.159s] INFO:colcon.colcon_core.shell:Creating prefix script '/home/narendraandhi/project1_ROS/install/local_setup.zsh'
[3.160s] INFO:colcon.colcon_core.shell:Creating prefix chain script '/home/narendraandhi/project1_ROS/install/setup.zsh'
